Determining if the pthread_create exist failed with the following output:
Change Dir: /home/user/catkin_ws/build/CMakeFiles/CMakeTmp

Run Build Command:"/usr/bin/make" "cmTC_90726/fast"
/usr/bin/make -f CMakeFiles/cmTC_90726.dir/build.make CMakeFiles/cmTC_90726.dir/build
make[1]: Entering directory '/home/user/catkin_ws/build/CMakeFiles/CMakeTmp'
Building C object CMakeFiles/cmTC_90726.dir/CheckSymbolExists.c.o
/usr/bin/cc     -o CMakeFiles/cmTC_90726.dir/CheckSymbolExists.c.o   -c /home/user/catkin_ws/build/CMakeFiles/CMakeTmp/CheckSymbolExists.c
Linking C executable cmTC_90726
/usr/bin/cmake -E cmake_link_script CMakeFiles/cmTC_90726.dir/link.txt --verbose=1
/usr/bin/cc       CMakeFiles/cmTC_90726.dir/CheckSymbolExists.c.o  -o cmTC_90726 -rdynamic 
CMakeFiles/cmTC_90726.dir/CheckSymbolExists.c.o: In function `main':
CheckSymbolExists.c:(.text+0x16): undefined reference to `pthread_create'
collect2: error: ld returned 1 exit status
CMakeFiles/cmTC_90726.dir/build.make:97: recipe for target 'cmTC_90726' failed
make[1]: *** [cmTC_90726] Error 1
make[1]: Leaving directory '/home/user/catkin_ws/build/CMakeFiles/CMakeTmp'
Makefile:126: recipe for target 'cmTC_90726/fast' failed
make: *** [cmTC_90726/fast] Error 2

File /home/user/catkin_ws/build/CMakeFiles/CMakeTmp/CheckSymbolExists.c:
/* */
#include <pthread.h>

int main(int argc, char** argv)
{
  (void)argv;
#ifndef pthread_create
  return ((int*)(&pthread_create))[argc];
#else
  (void)argc;
  return 0;
#endif
}

Determining if the function pthread_create exists in the pthreads failed with the following output:
Change Dir: /home/user/catkin_ws/build/CMakeFiles/CMakeTmp

Run Build Command:"/usr/bin/make" "cmTC_0b7f9/fast"
/usr/bin/make -f CMakeFiles/cmTC_0b7f9.dir/build.make CMakeFiles/cmTC_0b7f9.dir/build
make[1]: Entering directory '/home/user/catkin_ws/build/CMakeFiles/CMakeTmp'
Building C object CMakeFiles/cmTC_0b7f9.dir/CheckFunctionExists.c.o
/usr/bin/cc    -DCHECK_FUNCTION_EXISTS=pthread_create   -o CMakeFiles/cmTC_0b7f9.dir/CheckFunctionExists.c.o   -c /usr/share/cmake-3.5/Modules/CheckFunctionExists.c
Linking C executable cmTC_0b7f9
/usr/bin/cmake -E cmake_link_script CMakeFiles/cmTC_0b7f9.dir/link.txt --verbose=1
/usr/bin/cc   -DCHECK_FUNCTION_EXISTS=pthread_create    CMakeFiles/cmTC_0b7f9.dir/CheckFunctionExists.c.o  -o cmTC_0b7f9 -rdynamic -lpthreads 
/usr/bin/ld: cannot find -lpthreads
collect2: error: ld returned 1 exit status
CMakeFiles/cmTC_0b7f9.dir/build.make:97: recipe for target 'cmTC_0b7f9' failed
make[1]: *** [cmTC_0b7f9] Error 1
make[1]: Leaving directory '/home/user/catkin_ws/build/CMakeFiles/CMakeTmp'
Makefile:126: recipe for target 'cmTC_0b7f9/fast' failed
make: *** [cmTC_0b7f9/fast] Error 2


Performing C SOURCE FILE Test CMAKE_HAVE_LIBC_PTHREAD failed with the following output:
Change Dir: /home/user/catkin_ws/build/CMakeFiles/CMakeTmp

Run Build Command(s):/usr/bin/make cmTC_8a7c6/fast && /usr/bin/make  -f CMakeFiles/cmTC_8a7c6.dir/build.make CMakeFiles/cmTC_8a7c6.dir/build
make[1]: Entering directory '/home/user/catkin_ws/build/CMakeFiles/CMakeTmp'
Building C object CMakeFiles/cmTC_8a7c6.dir/src.c.o
/usr/bin/cc   -DCMAKE_HAVE_LIBC_PTHREAD   -o CMakeFiles/cmTC_8a7c6.dir/src.c.o   -c /home/user/catkin_ws/build/CMakeFiles/CMakeTmp/src.c
Linking C executable cmTC_8a7c6
/usr/bin/cmake -E cmake_link_script CMakeFiles/cmTC_8a7c6.dir/link.txt --verbose=1
/usr/bin/cc  -DCMAKE_HAVE_LIBC_PTHREAD    -rdynamic CMakeFiles/cmTC_8a7c6.dir/src.c.o  -o cmTC_8a7c6 
CMakeFiles/cmTC_8a7c6.dir/src.c.o: In function `main':
src.c:(.text+0x3e): undefined reference to `pthread_create'
src.c:(.text+0x4a): undefined reference to `pthread_detach'
src.c:(.text+0x56): undefined reference to `pthread_cancel'
src.c:(.text+0x67): undefined reference to `pthread_join'
src.c:(.text+0x7b): undefined reference to `pthread_atfork'
collect2: error: ld returned 1 exit status
CMakeFiles/cmTC_8a7c6.dir/build.make:106: recipe for target 'cmTC_8a7c6' failed
make[1]: *** [cmTC_8a7c6] Error 1
make[1]: Leaving directory '/home/user/catkin_ws/build/CMakeFiles/CMakeTmp'
Makefile:141: recipe for target 'cmTC_8a7c6/fast' failed
make: *** [cmTC_8a7c6/fast] Error 2


Source file was:
#include <pthread.h>

void* test_func(void* data)
{
  return data;
}

int main(void)
{
  pthread_t thread;
  pthread_create(&thread, NULL, test_func, NULL);
  pthread_detach(thread);
  pthread_cancel(thread);
  pthread_join(thread, NULL);
  pthread_atfork(NULL, NULL, NULL);
  pthread_exit(NULL);

  return 0;
}

